0 info it worked if it ends with ok
1 verbose cli [ 'node', '/usr/local/bin/npm', 'i', 'grunt-uglify', '--save-dev' ]
2 info using npm@1.4.28
3 info using node@v0.10.32
4 verbose readDependencies using package.json deps
5 verbose cache add [ 'grunt-uglify', null ]
6 verbose cache add name=undefined spec="grunt-uglify" args=["grunt-uglify",null]
7 verbose parsed url { protocol: null,
7 verbose parsed url   slashes: null,
7 verbose parsed url   auth: null,
7 verbose parsed url   host: null,
7 verbose parsed url   port: null,
7 verbose parsed url   hostname: null,
7 verbose parsed url   hash: null,
7 verbose parsed url   search: null,
7 verbose parsed url   query: null,
7 verbose parsed url   pathname: 'grunt-uglify',
7 verbose parsed url   path: 'grunt-uglify',
7 verbose parsed url   href: 'grunt-uglify' }
8 silly lockFile 2e33d944-grunt-uglify grunt-uglify
9 verbose lock grunt-uglify /Users/nikoloza/.npm/2e33d944-grunt-uglify.lock
10 silly lockFile 2e33d944-grunt-uglify grunt-uglify
11 silly lockFile 2e33d944-grunt-uglify grunt-uglify
12 verbose addNamed [ 'grunt-uglify', '' ]
13 verbose addNamed [ null, '*' ]
14 silly lockFile 1cbe4847-grunt-uglify grunt-uglify@
15 verbose lock grunt-uglify@ /Users/nikoloza/.npm/1cbe4847-grunt-uglify.lock
16 silly addNameRange { name: 'grunt-uglify', range: '*', hasData: false }
17 verbose request where is /grunt-uglify
18 verbose request registry https://registry.npmjs.org/
19 verbose request id 027cdc847f3894c2
20 verbose url raw /grunt-uglify
21 verbose url resolving [ 'https://registry.npmjs.org/', './grunt-uglify' ]
22 verbose url resolved https://registry.npmjs.org/grunt-uglify
23 verbose request where is https://registry.npmjs.org/grunt-uglify
24 info trying registry request attempt 1 at 23:29:43
25 http GET https://registry.npmjs.org/grunt-uglify
26 http 404 https://registry.npmjs.org/grunt-uglify
27 verbose headers { date: 'Fri, 07 Nov 2014 19:29:44 GMT',
27 verbose headers   server: 'CouchDB/1.5.0 (Erlang OTP/R16B03)',
27 verbose headers   'content-type': 'application/json',
27 verbose headers   'cache-control': 'max-age=0',
27 verbose headers   'content-length': '52',
27 verbose headers   'accept-ranges': 'bytes',
27 verbose headers   via: '1.1 varnish',
27 verbose headers   age: '0',
27 verbose headers   'x-served-by': 'cache-fra1223-FRA',
27 verbose headers   'x-cache': 'MISS',
27 verbose headers   'x-cache-hits': '0',
27 verbose headers   'x-timer': 'S1415388584.190745,VS0,VE173',
27 verbose headers   'keep-alive': 'timeout=10, max=50',
27 verbose headers   connection: 'Keep-Alive' }
28 silly registry.get cb [ 404,
28 silly registry.get   { date: 'Fri, 07 Nov 2014 19:29:44 GMT',
28 silly registry.get     server: 'CouchDB/1.5.0 (Erlang OTP/R16B03)',
28 silly registry.get     'content-type': 'application/json',
28 silly registry.get     'cache-control': 'max-age=0',
28 silly registry.get     'content-length': '52',
28 silly registry.get     'accept-ranges': 'bytes',
28 silly registry.get     via: '1.1 varnish',
28 silly registry.get     age: '0',
28 silly registry.get     'x-served-by': 'cache-fra1223-FRA',
28 silly registry.get     'x-cache': 'MISS',
28 silly registry.get     'x-cache-hits': '0',
28 silly registry.get     'x-timer': 'S1415388584.190745,VS0,VE173',
28 silly registry.get     'keep-alive': 'timeout=10, max=50',
28 silly registry.get     connection: 'Keep-Alive' } ]
29 silly lockFile 1cbe4847-grunt-uglify grunt-uglify@
30 silly lockFile 1cbe4847-grunt-uglify grunt-uglify@
31 error 404 404 Not Found: grunt-uglify
31 error 404
31 error 404 'grunt-uglify' is not in the npm registry.
31 error 404 You should bug the author to publish it
31 error 404 It was specified as a dependency of 'Scratch'
31 error 404
31 error 404 Note that you can also install from a
31 error 404 tarball, folder, or http url, or git url.
32 error System Darwin 14.0.0
33 error command "node" "/usr/local/bin/npm" "i" "grunt-uglify" "--save-dev"
34 error cwd /Users/nikoloza/www/scratch
35 error node -v v0.10.32
36 error npm -v 1.4.28
37 error code E404
38 verbose exit [ 1, true ]
